Autotest: Begin at Wed Mar 17 16:32:43 CST 2021
[32m[ test.sh found. ][0m
[32m[ lab0_exam.c found. ][0m
[32m[ You have passed Task 1 (test.sh script). ][0m
rm: 无法删除"/home/git/ostest/target/19373392/lab0-exam-2021-03-17T16:32:43+0800-sVt3t/csc/code/*.o": 没有那个文件或目录
rm: 无法删除"/home/git/ostest/target/19373392/lab0-exam-2021-03-17T16:32:43+0800-sVt3t/csc/fibo": 没有那个文件或目录
[32m[ Makefile found. ][0m
gcc -c -I include -o code/main.o code/main.c
gcc -c -I include -o code/fibo.o code/fibo.c
gcc -o fibo code/main.o code/fibo.o
[32m[ make fibo successfully. ][0m
[32m[ You have passed fibo testcase 1/2. ][0m
[32m[ You have passed fibo testcase 2/2. ][0m
[32m[ fibo.o found. ][0m
[32m[ main.o found. ][0m
rm -f fibo code/main.o
[32m[ fibo.o found. ][0m
[32m[ make clean can delete main.o. ][0m
[32m[ make clean can delete fibo. ][0m
[33m[01m[ You got 100 (of 100) this time. Wed Mar 17 16:32:49 CST 2021 ][0m
